2022-03-10T17:17:02.402+0530 INFO Starting SareetaApplicationTests on PPH-LAP-01270 with PID 438215 (started by soumenmondal in /home/soumenmondal/Downloads/nd035-c4-Security-and-DevOps-master/starter_code)
2022-03-10T17:17:02.403+0530 INFO No active profile set, falling back to default profiles: default
2022-03-10T17:17:05.608+0530 INFO Started SareetaApplicationTests in 3.377 seconds (JVM running for 4.99)
2022-03-10T17:17:05.874+0530 INFO [Success] (trying removing from cart sucessul ) for user : fymo
2022-03-10T17:17:05.888+0530 INFO [Success] for user {adding to cart Success } : fymo
2022-03-10T17:17:05.893+0530 ERROR  [Fail] (trying removing from cart) for user : invalidUser, error log : User not found
2022-03-10T17:17:05.893+0530 ERROR [Fail] (trying addToCart) for user : invalidUser, error log : User not found
2022-03-10T17:17:05.981+0530 INFO [Success] (order history Success) for user : fymo, log msg  : User found
2022-03-10T17:17:05.986+0530 INFO   [Success] (order submit Success)  username : fymo, log msg  : User found
2022-03-10T17:17:05.990+0530 ERROR [Fail] (order submit fail)  username: invalid username, log msg : User not found
2022-03-10T17:17:06.023+0530 INFO [Success] Created user sucess 
2022-03-10T17:17:57.308+0530 INFO Starting SareetaApplicationTests on PPH-LAP-01270 with PID 438533 (started by soumenmondal in /home/soumenmondal/Downloads/nd035-c4-Security-and-DevOps-master/starter_code)
2022-03-10T17:17:57.309+0530 INFO No active profile set, falling back to default profiles: default
2022-03-10T17:18:00.764+0530 INFO Started SareetaApplicationTests in 3.601 seconds (JVM running for 4.885)
2022-03-10T17:18:00.998+0530 INFO [Success] (trying removing from cart sucessul ) for user : fymo
2022-03-10T17:18:01.008+0530 INFO [Success] for user {adding to cart Success } : fymo
2022-03-10T17:18:01.011+0530 ERROR  [Fail] (trying removing from cart) for user : invalidUser, error log : User not found
2022-03-10T17:18:01.011+0530 ERROR [Fail] (trying addToCart) for user : invalidUser, error log : User not found
2022-03-10T17:18:01.064+0530 INFO [Success] (order history Success) for user : fymo, log msg  : User found
2022-03-10T17:18:01.066+0530 INFO   [Success] (order submit Success)  username : fymo, log msg  : User found
2022-03-10T17:18:01.068+0530 ERROR [Fail] (order submit fail)  username: invalid username, log msg : User not found
2022-03-10T17:18:01.088+0530 INFO [Success] Created user sucess 
2022-03-10T17:20:40.570+0530 INFO Starting SareetaApplicationTests on PPH-LAP-01270 with PID 439759 (started by soumenmondal in /home/soumenmondal/Downloads/nd035-c4-Security-and-DevOps-master/starter_code)
2022-03-10T17:20:40.571+0530 INFO No active profile set, falling back to default profiles: default
2022-03-10T17:20:44.184+0530 INFO Started SareetaApplicationTests in 3.745 seconds (JVM running for 5.056)
2022-03-10T17:20:44.432+0530 INFO [Success] (trying removing from cart sucessul ) for user : fymo
2022-03-10T17:20:44.441+0530 INFO [Success] for user {adding to cart Success } : fymo
2022-03-10T17:20:44.443+0530 ERROR  [Fail] (trying removing from cart) for user : invalidUser, error log : User not found
2022-03-10T17:20:44.444+0530 ERROR [Fail] (trying addToCart) for user : invalidUser, error log : User not found
2022-03-10T17:20:44.508+0530 INFO [Success] (order history Success) for user : fymo, log msg  : User found
2022-03-10T17:20:44.513+0530 INFO   [Success] (order submit Success)  username : fymo, log msg  : User found
2022-03-10T17:20:44.516+0530 ERROR [Fail] (order submit fail)  username: invalid username, log msg : User not found
2022-03-10T17:20:44.543+0530 INFO [Success] Created user sucess 
2022-03-10T17:23:37.577+0530 INFO Starting SareetaApplicationTests on PPH-LAP-01270 with PID 440203 (started by soumenmondal in /home/soumenmondal/Downloads/nd035-c4-Security-and-DevOps-master/starter_code)
2022-03-10T17:23:37.578+0530 INFO No active profile set, falling back to default profiles: default
2022-03-10T17:23:40.878+0530 INFO Started SareetaApplicationTests in 3.466 seconds (JVM running for 4.864)
2022-03-10T17:23:41.105+0530 INFO [Success] (trying removing from cart sucessul ) for user : fymo
2022-03-10T17:23:41.114+0530 INFO [Success] for user {adding to cart Success } : fymo
2022-03-10T17:23:41.116+0530 ERROR  [Fail] (trying removing from cart) for user : invalidUser, error log : User not found
2022-03-10T17:23:41.116+0530 ERROR [Fail] (trying addToCart) for user : invalidUser, error log : User not found
2022-03-10T17:23:41.154+0530 INFO [Success] (order history Success) for user : fymo, log msg  : User found
2022-03-10T17:23:41.157+0530 INFO   [Success] (order submit Success)  username : fymo, log msg  : User found
2022-03-10T17:23:41.160+0530 ERROR [Fail] (order submit fail)  username: invalid username, log msg : User not found
2022-03-10T17:23:41.181+0530 INFO [Success] Created user sucess 
2022-03-10T17:23:57.196+0530 INFO Starting SareetaApplicationTests on PPH-LAP-01270 with PID 440664 (started by soumenmondal in /home/soumenmondal/Downloads/nd035-c4-Security-and-DevOps-master/starter_code)
2022-03-10T17:23:57.197+0530 INFO No active profile set, falling back to default profiles: default
2022-03-10T17:24:00.622+0530 INFO Started SareetaApplicationTests in 3.591 seconds (JVM running for 4.842)
2022-03-10T17:24:00.852+0530 INFO [Success] (trying removing from cart sucessul ) for user : fymo
2022-03-10T17:24:00.863+0530 INFO [Success] for user {adding to cart Success } : fymo
2022-03-10T17:24:00.865+0530 ERROR  [Fail] (trying removing from cart) for user : invalidUser, error log : User not found
2022-03-10T17:24:00.865+0530 ERROR [Fail] (trying addToCart) for user : invalidUser, error log : User not found
2022-03-10T17:24:00.911+0530 INFO [Success] (order history Success) for user : fymo, log msg  : User found
2022-03-10T17:24:00.913+0530 INFO   [Success] (order submit Success)  username : fymo, log msg  : User found
2022-03-10T17:24:00.916+0530 ERROR [Fail] (order submit fail)  username: invalid username, log msg : User not found
2022-03-10T17:24:00.935+0530 INFO [Success] Created user sucess 
2022-03-10T17:30:38.638+0530 INFO Starting SareetaApplicationTests on PPH-LAP-01270 with PID 441526 (started by soumenmondal in /home/soumenmondal/Downloads/nd035-c4-Security-and-DevOps-master/starter_code)
2022-03-10T17:30:38.639+0530 INFO No active profile set, falling back to default profiles: default
2022-03-10T17:30:41.604+0530 INFO Started SareetaApplicationTests in 3.096 seconds (JVM running for 4.264)
2022-03-10T17:30:41.840+0530 INFO [Success] (trying removing from cart sucessul ) for user : fymo
2022-03-10T17:30:41.850+0530 INFO [Success] for user {adding to cart Success } : fymo
2022-03-10T17:30:41.852+0530 ERROR  [Fail] (trying removing from cart) for user : invalidUser, error log : User not found
2022-03-10T17:30:41.853+0530 ERROR [Fail] (trying addToCart) for user : invalidUser, error log : User not found
2022-03-10T17:30:41.904+0530 INFO [Success] (order history Success) for user : fymo, log msg  : User found
2022-03-10T17:30:41.907+0530 INFO   [Success] (order submit Success)  username : fymo, log msg  : User found
2022-03-10T17:30:41.908+0530 ERROR [Fail] (order submit fail)  username: invalid username, log msg : User not found
2022-03-10T17:30:41.932+0530 INFO [Success] Created user sucess 
2022-03-10T17:31:17.101+0530 INFO Starting SareetaApplicationTests on PPH-LAP-01270 with PID 441790 (started by soumenmondal in /home/soumenmondal/Downloads/nd035-c4-Security-and-DevOps-master/starter_code)
2022-03-10T17:31:17.102+0530 INFO No active profile set, falling back to default profiles: default
2022-03-10T17:31:20.329+0530 INFO Started SareetaApplicationTests in 3.395 seconds (JVM running for 4.67)
2022-03-10T17:31:20.553+0530 INFO [Success] (trying removing from cart sucessul ) for user : fymo
2022-03-10T17:31:20.561+0530 INFO [Success] for user {adding to cart Success } : fymo
2022-03-10T17:31:20.563+0530 ERROR  [Fail] (trying removing from cart) for user : invalidUser, error log : User not found
2022-03-10T17:31:20.563+0530 ERROR [Fail] (trying addToCart) for user : invalidUser, error log : User not found
2022-03-10T17:31:20.601+0530 INFO [Success] (order history Success) for user : fymo, log msg  : User found
2022-03-10T17:31:20.604+0530 INFO   [Success] (order submit Success)  username : fymo, log msg  : User found
2022-03-10T17:31:20.606+0530 ERROR [Fail] (order submit fail)  username: invalid username, log msg : User not found
2022-03-10T17:31:20.632+0530 INFO [Success] Created user sucess 
2022-03-10T17:33:54.227+0530 INFO Starting SareetaApplicationTests on PPH-LAP-01270 with PID 442232 (started by soumenmondal in /home/soumenmondal/Downloads/nd035-c4-Security-and-DevOps-master/starter_code)
2022-03-10T17:33:54.229+0530 INFO No active profile set, falling back to default profiles: default
2022-03-10T17:33:57.194+0530 INFO Started SareetaApplicationTests in 3.12 seconds (JVM running for 4.356)
2022-03-10T17:33:57.428+0530 INFO [Success] (trying removing from cart sucessul ) for user : fymo
2022-03-10T17:33:57.436+0530 INFO [Success] for user {adding to cart Success } : fymo
2022-03-10T17:33:57.439+0530 ERROR  [Fail] (trying removing from cart) for user : invalidUser, error log : User not found
2022-03-10T17:33:57.440+0530 ERROR [Fail] (trying addToCart) for user : invalidUser, error log : User not found
2022-03-10T17:33:57.489+0530 ERROR [Fail] (order history fail) for user : fymo, log msg  : User not found
2022-03-10T17:33:57.498+0530 INFO   [Success] (order submit Success)  username : root, log msg  : User found
2022-03-10T17:33:57.501+0530 ERROR [Fail] (order submit fail)  username: invalid username, log msg : User not found
2022-03-10T17:33:57.528+0530 INFO [Success] Created user sucess 
2022-03-10T17:34:11.090+0530 INFO Starting SareetaApplicationTests on PPH-LAP-01270 with PID 442324 (started by soumenmondal in /home/soumenmondal/Downloads/nd035-c4-Security-and-DevOps-master/starter_code)
2022-03-10T17:34:11.091+0530 INFO No active profile set, falling back to default profiles: default
2022-03-10T17:34:14.370+0530 INFO Started SareetaApplicationTests in 3.427 seconds (JVM running for 4.698)
2022-03-10T17:34:14.598+0530 INFO [Success] (trying removing from cart sucessul ) for user : fymo
2022-03-10T17:34:14.606+0530 INFO [Success] for user {adding to cart Success } : fymo
2022-03-10T17:34:14.609+0530 ERROR  [Fail] (trying removing from cart) for user : invalidUser, error log : User not found
2022-03-10T17:34:14.609+0530 ERROR [Fail] (trying addToCart) for user : invalidUser, error log : User not found
2022-03-10T17:34:14.659+0530 INFO [Success] (order history Success) for user : root, log msg  : User found
2022-03-10T17:34:14.662+0530 INFO   [Success] (order submit Success)  username : root, log msg  : User found
2022-03-10T17:34:14.665+0530 ERROR [Fail] (order submit fail)  username: invalid username, log msg : User not found
2022-03-10T17:34:14.690+0530 INFO [Success] Created user sucess 
2022-03-10T17:36:41.713+0530 INFO Starting SareetaApplicationTests on PPH-LAP-01270 with PID 442781 (started by soumenmondal in /home/soumenmondal/Downloads/nd035-c4-Security-and-DevOps-master/starter_code)
2022-03-10T17:36:41.714+0530 INFO No active profile set, falling back to default profiles: default
2022-03-10T17:36:45.040+0530 INFO Started SareetaApplicationTests in 3.484 seconds (JVM running for 4.717)
2022-03-10T17:36:45.301+0530 INFO [Success] (trying removing from cart sucessul ) for user : fymo
2022-03-10T17:36:45.313+0530 INFO [Success] for user {adding to cart Success } : fymo
2022-03-10T17:36:45.316+0530 ERROR  [Fail] (trying removing from cart) for user : invalidUser, error log : User not found
2022-03-10T17:36:45.322+0530 ERROR [Fail] (trying addToCart) for user : invalidUser, error log : User not found
2022-03-10T17:36:45.371+0530 INFO [Success] (order history Success) for user : root, log msg  : User found
2022-03-10T17:36:45.374+0530 INFO   [Success] (order submit Success)  username : root, log msg  : User found
2022-03-10T17:36:45.377+0530 ERROR [Fail] (order submit fail)  username: invalid username, log msg : User not found
2022-03-10T17:36:45.400+0530 INFO [Success] Created user sucess 
2022-03-10T17:38:20.643+0530 INFO Starting SareetaApplicationTests on PPH-LAP-01270 with PID 443041 (started by soumenmondal in /home/soumenmondal/Downloads/nd035-c4-Security-and-DevOps-master/starter_code)
2022-03-10T17:38:20.644+0530 INFO No active profile set, falling back to default profiles: default
2022-03-10T17:38:24.063+0530 INFO Started SareetaApplicationTests in 3.576 seconds (JVM running for 4.827)
2022-03-10T17:38:24.253+0530 INFO [Success] (trying removing from cart sucessul ) for user : fymo
2022-03-10T17:38:24.260+0530 INFO [Success] for user {adding to cart Success } : fymo
2022-03-10T17:38:24.262+0530 ERROR  [Fail] (trying removing from cart) for user : invalidUser, error log : User not found
2022-03-10T17:38:24.263+0530 ERROR [Fail] (trying addToCart) for user : invalidUser, error log : User not found
2022-03-10T17:38:24.304+0530 INFO [Success] (order history Success) for user : root, log msg  : User found
2022-03-10T17:38:24.308+0530 INFO   [Success] (order submit Success)  username : root, log msg  : User found
2022-03-10T17:38:24.311+0530 ERROR [Fail] (order submit fail)  username: invalid username, log msg : User not found
2022-03-10T17:38:24.333+0530 INFO [Success] Created user sucess 
2022-03-10T17:41:54.474+0530 INFO Starting SareetaApplicationTests on PPH-LAP-01270 with PID 443888 (started by soumenmondal in /home/soumenmondal/Downloads/nd035-c4-Security-and-DevOps-master/starter_code)
2022-03-10T17:41:54.475+0530 INFO No active profile set, falling back to default profiles: default
2022-03-10T17:41:57.963+0530 INFO Started SareetaApplicationTests in 3.642 seconds (JVM running for 5.016)
2022-03-10T17:41:58.202+0530 INFO [Success] (trying removing from cart sucessul ) for user : fymo
2022-03-10T17:41:58.211+0530 INFO [Success] for user {adding to cart Success } : fymo
2022-03-10T17:41:58.214+0530 ERROR  [Fail] (trying removing from cart) for user : invalidUser, error log : User not found
2022-03-10T17:41:58.215+0530 ERROR [Fail] (trying addToCart) for user : invalidUser, error log : User not found
2022-03-10T17:41:58.271+0530 INFO [Success] (order history Success) for user : root, log msg  : User found
2022-03-10T17:41:58.274+0530 INFO   [Success] (order submit Success)  username : root, log msg  : User found
2022-03-10T17:41:58.277+0530 ERROR [Fail] (order submit fail)  username: invalid username, log msg : User not found
2022-03-10T17:41:58.307+0530 INFO [Success] Created user sucess 
2022-03-10T17:44:05.246+0530 INFO Starting SareetaApplicationTests on PPH-LAP-01270 with PID 444461 (started by soumenmondal in /home/soumenmondal/Downloads/nd035-c4-Security-and-DevOps-master/starter_code)
2022-03-10T17:44:05.247+0530 INFO No active profile set, falling back to default profiles: default
2022-03-10T17:44:08.919+0530 INFO Started SareetaApplicationTests in 3.847 seconds (JVM running for 5.255)
2022-03-10T17:44:09.145+0530 INFO [Success] (trying removing from cart sucessul ) for user : fymo
2022-03-10T17:44:09.154+0530 INFO [Success] for user {adding to cart Success } : fymo
2022-03-10T17:44:09.157+0530 ERROR  [Fail] (trying removing from cart) for user : invalidUser, error log : User not found
2022-03-10T17:44:09.157+0530 ERROR [Fail] (trying addToCart) for user : invalidUser, error log : User not found
2022-03-10T17:44:09.201+0530 INFO [Success] (order history Success) for user : root, log msg  : User found
2022-03-10T17:44:09.205+0530 INFO   [Success] (order submit Success)  username : root, log msg  : User found
2022-03-10T17:44:09.207+0530 ERROR [Fail] (order submit fail)  username: invalid username, log msg : User not found
2022-03-10T17:44:09.233+0530 INFO [Success] Created user sucess 
2022-03-10T17:44:40.559+0530 INFO Starting SareetaApplicationTests on PPH-LAP-01270 with PID 444725 (started by soumenmondal in /home/soumenmondal/Downloads/nd035-c4-Security-and-DevOps-master/starter_code)
2022-03-10T17:44:40.560+0530 INFO No active profile set, falling back to default profiles: default
2022-03-10T17:44:44.087+0530 INFO Started SareetaApplicationTests in 3.668 seconds (JVM running for 4.946)
2022-03-10T17:44:44.355+0530 INFO [Success] (trying removing from cart sucessul ) for user : fymo
2022-03-10T17:44:44.367+0530 INFO [Success] for user {adding to cart Success } : fymo
2022-03-10T17:44:44.371+0530 ERROR  [Fail] (trying removing from cart) for user : invalidUser, error log : User not found
2022-03-10T17:44:44.372+0530 ERROR [Fail] (trying addToCart) for user : invalidUser, error log : User not found
2022-03-10T17:44:44.423+0530 INFO [Success] (order history Success) for user : root, log msg  : User found
2022-03-10T17:44:44.426+0530 INFO   [Success] (order submit Success)  username : root, log msg  : User found
2022-03-10T17:44:44.428+0530 ERROR [Fail] (order submit fail)  username: invalid username, log msg : User not found
2022-03-10T17:44:44.453+0530 INFO [Success] Created user sucess 
2022-03-10T17:46:21.465+0530 INFO Starting SareetaApplicationTests on PPH-LAP-01270 with PID 445575 (started by soumenmondal in /home/soumenmondal/Downloads/nd035-c4-Security-and-DevOps-master/starter_code)
2022-03-10T17:46:21.466+0530 INFO No active profile set, falling back to default profiles: default
2022-03-10T17:46:24.918+0530 INFO Started SareetaApplicationTests in 3.606 seconds (JVM running for 4.833)
2022-03-10T17:46:25.128+0530 INFO [Success] (trying removing from cart sucessul ) for user : fymo
2022-03-10T17:46:25.138+0530 INFO [Success] for user {adding to cart Success } : fymo
2022-03-10T17:46:25.140+0530 ERROR  [Fail] (trying removing from cart) for user : invalidUser, error log : User not found
2022-03-10T17:46:25.140+0530 ERROR [Fail] (trying addToCart) for user : invalidUser, error log : User not found
2022-03-10T17:46:25.178+0530 INFO [Success] (order history Success) for user : root, log msg  : User found
2022-03-10T17:46:25.180+0530 INFO   [Success] (order submit Success)  username : root, log msg  : User found
2022-03-10T17:46:25.183+0530 ERROR [Fail] (order submit fail)  username: invalid username, log msg : User not found
2022-03-10T17:46:25.202+0530 INFO [Success] Created user sucess 
2022-03-10T17:47:52.462+0530 INFO Starting SareetaApplicationTests on PPH-LAP-01270 with PID 445904 (started by soumenmondal in /home/soumenmondal/Downloads/nd035-c4-Security-and-DevOps-master/starter_code)
2022-03-10T17:47:52.464+0530 INFO No active profile set, falling back to default profiles: default
2022-03-10T17:47:55.717+0530 INFO Started SareetaApplicationTests in 3.407 seconds (JVM running for 4.718)
2022-03-10T17:47:55.935+0530 INFO [Success] (trying removing from cart sucessul ) for user : fymo
2022-03-10T17:47:55.943+0530 INFO [Success] for user {adding to cart Success } : fymo
2022-03-10T17:47:55.945+0530 ERROR  [Fail] (trying removing from cart) for user : invalidUser, error log : User not found
2022-03-10T17:47:55.946+0530 ERROR [Fail] (trying addToCart) for user : invalidUser, error log : User not found
2022-03-10T17:47:55.993+0530 INFO   [Success] (order submit Success)  username : root, log msg  : User found
2022-03-10T17:47:55.995+0530 INFO [Success] (order history Success) for user : root, log msg  : User found
2022-03-10T17:47:55.998+0530 ERROR [Fail] (order submit fail)  username: invalid username, log msg : User not found
2022-03-10T17:47:56.021+0530 INFO [Success] Created user sucess 
2022-03-10T17:48:46.555+0530 INFO Starting SareetaApplicationTests on PPH-LAP-01270 with PID 446069 (started by soumenmondal in /home/soumenmondal/Downloads/nd035-c4-Security-and-DevOps-master/starter_code)
2022-03-10T17:48:46.556+0530 INFO No active profile set, falling back to default profiles: default
2022-03-10T17:48:50.319+0530 INFO Started SareetaApplicationTests in 3.934 seconds (JVM running for 5.498)
2022-03-10T17:48:50.533+0530 INFO [Success] (trying removing from cart sucessul ) for user : fymo
2022-03-10T17:48:50.541+0530 INFO [Success] for user {adding to cart Success } : fymo
2022-03-10T17:48:50.544+0530 ERROR  [Fail] (trying removing from cart) for user : invalidUser, error log : User not found
2022-03-10T17:48:50.545+0530 ERROR [Fail] (trying addToCart) for user : invalidUser, error log : User not found
2022-03-10T17:48:50.595+0530 ERROR [Fail] (order submit fail)  username: invalid username, log msg : User not found
2022-03-10T17:48:50.597+0530 INFO [Success] (order history Success) for user : root, log msg  : User found
2022-03-10T17:48:50.600+0530 INFO   [Success] (order submit Success)  username : root, log msg  : User found
2022-03-10T17:48:50.625+0530 INFO [Success] Created user sucess 
2022-03-10T18:03:34.629+0530 INFO Starting SareetaApplicationTests on PPH-LAP-01270 with PID 449211 (started by soumenmondal in /home/soumenmondal/Downloads/nd035-c4-Security-and-DevOps-master/starter_code)
2022-03-10T18:03:34.631+0530 INFO No active profile set, falling back to default profiles: default
2022-03-10T18:03:38.058+0530 INFO Started SareetaApplicationTests in 3.585 seconds (JVM running for 4.986)
2022-03-10T18:03:38.272+0530 INFO [Success] (trying removing from cart sucessul ) for user : root
2022-03-10T18:03:38.283+0530 INFO [Success] for user {adding to cart Success } : root
2022-03-10T18:03:38.286+0530 ERROR  [Fail] (trying removing from cart) for user : invalidUser, error log : User not found
2022-03-10T18:03:38.286+0530 ERROR [Fail] (trying addToCart) for user : invalidUser, error log : User not found
2022-03-10T18:03:38.335+0530 ERROR [Fail] (order submit fail)  username: invalid username, log msg : User not found
2022-03-10T18:03:38.337+0530 INFO [Success] (order history Success) for user : root, log msg  : User found
2022-03-10T18:03:38.340+0530 INFO   [Success] (order submit Success)  username : root, log msg  : User found
2022-03-10T18:03:38.370+0530 INFO [Success] Created user sucess 
2022-03-10T18:05:11.389+0530 INFO Starting SareetaApplicationTests on PPH-LAP-01270 with PID 449459 (started by soumenmondal in /home/soumenmondal/Downloads/nd035-c4-Security-and-DevOps-master/starter_code)
2022-03-10T18:05:11.390+0530 INFO No active profile set, falling back to default profiles: default
2022-03-10T18:05:14.760+0530 INFO Started SareetaApplicationTests in 3.54 seconds (JVM running for 4.915)
2022-03-10T18:05:15.011+0530 INFO [Success] (trying removing from cart sucessul ) for user : root
2022-03-10T18:05:15.022+0530 INFO [Success] for user {adding to cart Success } : root
2022-03-10T18:05:15.025+0530 ERROR  [Fail] (trying removing from cart) for user : invalidUser, error log : User not found
2022-03-10T18:05:15.025+0530 ERROR [Fail] (trying addToCart) for user : invalidUser, error log : User not found
2022-03-10T18:05:15.078+0530 ERROR [Fail] (order submit fail)  username: invalid username, log msg : User not found
2022-03-10T18:05:15.080+0530 INFO [Success] (order history Success) for user : root, log msg  : User found
2022-03-10T18:05:15.083+0530 INFO   [Success] (order submit Success)  username : root, log msg  : User found
2022-03-10T18:05:15.114+0530 INFO [Success] Created user sucess 
2022-03-10T18:07:19.502+0530 INFO Starting SareetaApplicationTests on PPH-LAP-01270 with PID 449955 (started by soumenmondal in /home/soumenmondal/Downloads/nd035-c4-Security-and-DevOps-master/starter_code)
2022-03-10T18:07:19.503+0530 INFO No active profile set, falling back to default profiles: default
2022-03-10T18:07:23.003+0530 INFO Started SareetaApplicationTests in 3.648 seconds (JVM running for 5.035)
2022-03-10T18:07:23.264+0530 INFO [Success] (trying removing from cart sucessul ) for user : root
2022-03-10T18:07:23.274+0530 INFO [Success] for user {adding to cart Success } : root
2022-03-10T18:07:23.277+0530 ERROR  [Fail] (trying removing from cart) for user : invalidUser, error log : User not found
2022-03-10T18:07:23.277+0530 ERROR [Fail] (trying addToCart) for user : invalidUser, error log : User not found
2022-03-10T18:07:23.325+0530 ERROR [Fail] (order submit fail)  username: invalid username, log msg : User not found
2022-03-10T18:07:23.328+0530 INFO [Success] (order history Success) for user : root, log msg  : User found
2022-03-10T18:07:23.330+0530 INFO   [Success] (order submit Success)  username : root, log msg  : User found
2022-03-10T18:07:23.352+0530 INFO [Success] Created user sucess 
2022-03-10T18:10:10.594+0530 INFO Starting SareetaApplicationTests on PPH-LAP-01270 with PID 450570 (started by soumenmondal in /home/soumenmondal/Downloads/nd035-c4-Security-and-DevOps-master/starter_code)
2022-03-10T18:10:10.595+0530 INFO No active profile set, falling back to default profiles: default
2022-03-10T18:10:13.905+0530 INFO Started SareetaApplicationTests in 3.47 seconds (JVM running for 4.762)
2022-03-10T18:10:14.124+0530 INFO [Success] (trying removing from cart sucessul ) for user : root
2022-03-10T18:10:14.132+0530 INFO [Success] for user {adding to cart Success } : root
2022-03-10T18:10:14.134+0530 ERROR  [Fail] (trying removing from cart) for user : invalidUser, error log : User not found
2022-03-10T18:10:14.135+0530 ERROR [Fail] (trying addToCart) for user : invalidUser, error log : User not found
2022-03-10T18:10:14.173+0530 ERROR [Fail] (order submit fail)  username: invalid username, log msg : User not found
2022-03-10T18:10:14.175+0530 INFO [Success] (order history Success) for user : root, log msg  : User found
2022-03-10T18:10:14.178+0530 INFO   [Success] (order submit Success)  username : root, log msg  : User found
2022-03-10T18:10:14.199+0530 INFO [Success] Created user sucess
2022-03-10T18:15:50.166+0530 INFO Starting SareetaApplicationTests on PPH-LAP-01270 with PID 451912 (started by soumenmondal in /home/soumenmondal/Downloads/nd035-c4-Security-and-DevOps-master/starter_code)
2022-03-10T18:15:50.168+0530 INFO No active profile set, falling back to default profiles: default
2022-03-10T18:15:53.548+0530 INFO Started SareetaApplicationTests in 3.577 seconds (JVM running for 4.933)
2022-03-10T18:15:53.812+0530 INFO [Success] (trying removing from cart sucessul ) for user : root
2022-03-10T18:15:53.824+0530 INFO [Success] for user {adding to cart Success } : root
2022-03-10T18:15:53.826+0530 ERROR  [Fail] (trying removing from cart) for user : invalidUser, error log : User not found
2022-03-10T18:15:53.827+0530 ERROR [Fail] (trying addToCart) for user : invalidUser, error log : User not found
2022-03-10T18:15:53.882+0530 ERROR [Fail] (order submit fail)  username: invalid username, log msg : User not found
2022-03-10T18:15:53.885+0530 INFO [Success] (order history Success) for user : root, log msg  : User found
2022-03-10T18:15:53.887+0530 INFO   [Success] (order submit Success)  username : root, log msg  : User found
2022-03-10T18:15:53.909+0530 INFO [Success] Created user sucess
2022-03-10T18:15:58.528+0530 INFO Starting SareetaApplicationTests on PPH-LAP-01270 with PID 451987 (started by soumenmondal in /home/soumenmondal/Downloads/nd035-c4-Security-and-DevOps-master/starter_code)
2022-03-10T18:15:58.529+0530 INFO No active profile set, falling back to default profiles: default
2022-03-10T18:16:01.878+0530 INFO Started SareetaApplicationTests in 3.5 seconds (JVM running for 4.841)
2022-03-10T18:16:02.085+0530 INFO [Success] (trying removing from cart sucessul ) for user : root
2022-03-10T18:16:02.093+0530 INFO [Success] for user {adding to cart Success } : root
2022-03-10T18:16:02.096+0530 ERROR  [Fail] (trying removing from cart) for user : invalidUser, error log : User not found
2022-03-10T18:16:02.096+0530 ERROR [Fail] (trying addToCart) for user : invalidUser, error log : User not found
2022-03-10T18:16:02.137+0530 ERROR [Fail] (order submit fail)  username: invalid username, log msg : User not found
2022-03-10T18:16:02.139+0530 INFO [Success] (order history Success) for user : root, log msg  : User found
2022-03-10T18:16:02.143+0530 INFO   [Success] (order submit Success)  username : root, log msg  : User found
2022-03-10T18:16:02.173+0530 INFO [Success] Created user sucess
2022-03-10T18:17:26.996+0530 INFO Starting SareetaApplicationTests on PPH-LAP-01270 with PID 452310 (started by soumenmondal in /home/soumenmondal/Downloads/nd035-c4-Security-and-DevOps-master/starter_code)
2022-03-10T18:17:26.998+0530 INFO No active profile set, falling back to default profiles: default
2022-03-10T18:17:30.764+0530 INFO Started SareetaApplicationTests in 3.958 seconds (JVM running for 5.521)
2022-03-10T18:17:31.033+0530 INFO [Success] (trying removing from cart sucessul ) for user : root
2022-03-10T18:17:31.041+0530 INFO [Success] for user {adding to cart Success } : root
2022-03-10T18:17:31.044+0530 ERROR  [Fail] (trying removing from cart) for user : invalidUser, error log : User not found
2022-03-10T18:17:31.044+0530 ERROR [Fail] (trying addToCart) for user : invalidUser, error log : User not found
2022-03-10T18:17:31.092+0530 ERROR [Fail] (order submit fail)  username: invalid username, log msg : User not found
2022-03-10T18:17:31.096+0530 INFO [Success] (order history Success) for user : root, log msg  : User found
2022-03-10T18:17:31.099+0530 INFO   [Success] (order submit Success)  username : root, log msg  : User found
2022-03-10T18:17:31.127+0530 INFO [Success] Created user sucess
2022-03-10T18:18:30.085+0530 INFO [Success] (trying removing from cart sucessul ) for user : root
2022-03-10T18:18:50.458+0530 ERROR  [Fail] (trying removing from cart) for user : test, error log : User not found
2022-03-10T18:18:50.471+0530 ERROR [Fail] (trying addToCart) for user : test, error log : User not found
2022-03-10T18:56:04.844+0530 INFO Starting SareetaApplicationTests on PPH-LAP-01270 with PID 460041 (started by soumenmondal in /home/soumenmondal/Downloads/nd035-c4-Security-and-DevOps-master/starter_code)
2022-03-10T18:56:04.847+0530 INFO No active profile set, falling back to default profiles: default
2022-03-10T18:56:09.820+0530 INFO Started SareetaApplicationTests in 5.173 seconds (JVM running for 7.118)
2022-03-10T18:56:10.190+0530 INFO [Success] (trying removing from cart sucessul ) for user : root
2022-03-10T18:56:10.208+0530 INFO [Success] for user {adding to cart Success } : root
2022-03-10T18:56:10.211+0530 ERROR  [Fail] (trying removing from cart) for user : test, error log : User not found
2022-03-10T18:56:10.211+0530 ERROR [Fail] (trying addToCart) for user : test, error log : User not found
2022-03-10T18:56:10.287+0530 ERROR [Fail] (order submit fail)  username: invalid username, log msg : User not found
2022-03-10T18:56:10.291+0530 INFO [Success] (order history Success) for user : root, log msg  : User found
2022-03-10T18:56:10.296+0530 INFO   [Success] (order submit Success)  username : root, log msg  : User found
2022-03-10T18:56:10.328+0530 INFO [Success] Created user sucess 
2022-03-10T18:57:09.078+0530 INFO [Success] (trying removing from cart sucessul ) for user : root
2022-03-10T18:57:23.723+0530 INFO Starting SareetaApplicationTests on PPH-LAP-01270 with PID 460341 (started by soumenmondal in /home/soumenmondal/Downloads/nd035-c4-Security-and-DevOps-master/starter_code)
2022-03-10T18:57:23.724+0530 INFO No active profile set, falling back to default profiles: default
2022-03-10T18:57:29.529+0530 INFO Started SareetaApplicationTests in 6.03 seconds (JVM running for 8.262)
2022-03-10T18:57:29.975+0530 INFO [Success] (trying removing from cart sucessul ) for user : root
2022-03-10T18:57:29.988+0530 INFO [Success] for user {adding to cart Success } : root
2022-03-10T18:57:29.992+0530 ERROR  [Fail] (trying removing from cart) for user : test, error log : User not found
2022-03-10T18:57:29.992+0530 ERROR [Fail] (trying addToCart) for user : test, error log : User not found
2022-03-10T18:57:30.084+0530 ERROR [Fail] (order submit fail)  username: invalid username, log msg : User not found
2022-03-10T18:57:30.087+0530 INFO [Success] (order history Success) for user : root, log msg  : User found
2022-03-10T18:57:30.090+0530 INFO   [Success] (order submit Success)  username : root, log msg  : User found
2022-03-10T18:57:30.130+0530 INFO [Success] Created user sucess 
2022-03-10T19:58:58.724+0530 INFO Starting SareetaApplicationTests on PPH-LAP-01270 with PID 466761 (started by soumenmondal in /home/soumenmondal/Downloads/nd035-c4-Security-and-DevOps-master/starter_code)
2022-03-10T19:58:58.725+0530 INFO No active profile set, falling back to default profiles: default
2022-03-10T19:59:02.231+0530 INFO Started SareetaApplicationTests in 3.659 seconds (JVM running for 4.945)
2022-03-10T19:59:02.443+0530 INFO [Success] (trying removing from cart sucessul ) for user : root
2022-03-10T19:59:02.454+0530 INFO [Success] for user {adding to cart Success } : root
2022-03-10T19:59:02.456+0530 ERROR  [Fail] (trying removing from cart) for user : test, error log : User not found
2022-03-10T19:59:02.457+0530 ERROR [Fail] (trying addToCart) for user : test, error log : User not found
2022-03-10T19:59:02.497+0530 ERROR [Fail] (order submit fail)  username: invalid username, log msg : User not found
2022-03-10T19:59:02.499+0530 INFO [Success] (order history Success) for user : root, log msg  : User found
2022-03-10T19:59:02.502+0530 INFO   [Success] (order submit Success)  username : root, log msg  : User found
2022-03-10T19:59:02.522+0530 INFO [Success] Created user sucess 
2022-03-11T00:31:39.200+0530 INFO Starting SareetaApplicationTests on PPH-LAP-01270 with PID 10294 (started by soumenmondal in /home/soumenmondal/Downloads/nd035-c4-Security-and-DevOps-master/starter_code)
2022-03-11T00:31:39.201+0530 INFO No active profile set, falling back to default profiles: default
2022-03-11T00:31:42.703+0530 INFO Started SareetaApplicationTests in 3.631 seconds (JVM running for 4.566)
2022-03-11T00:36:17.486+0530 INFO Starting SareetaApplicationTests on PPH-LAP-01270 with PID 10702 (started by soumenmondal in /home/soumenmondal/Downloads/nd035-c4-Security-and-DevOps-master/starter_code)
2022-03-11T00:36:17.488+0530 INFO No active profile set, falling back to default profiles: default
2022-03-11T00:36:20.719+0530 INFO Started SareetaApplicationTests in 3.347 seconds (JVM running for 4.273)
2022-03-11T00:38:08.872+0530 INFO Starting SareetaApplicationTests on PPH-LAP-01270 with PID 10942 (started by soumenmondal in /home/soumenmondal/Downloads/nd035-c4-Security-and-DevOps-master/starter_code)
2022-03-11T00:38:08.874+0530 INFO No active profile set, falling back to default profiles: default
2022-03-11T00:38:12.126+0530 INFO Started SareetaApplicationTests in 3.374 seconds (JVM running for 4.261)
2022-03-11T00:39:29.631+0530 INFO Starting SareetaApplicationTests on PPH-LAP-01270 with PID 11174 (started by soumenmondal in /home/soumenmondal/Downloads/nd035-c4-Security-and-DevOps-master/starter_code)
2022-03-11T00:39:29.632+0530 INFO No active profile set, falling back to default profiles: default
2022-03-11T00:39:32.505+0530 INFO Started SareetaApplicationTests in 2.977 seconds (JVM running for 3.742)
2022-03-11T00:42:11.958+0530 INFO Starting SareetaApplicationTests on PPH-LAP-01270 with PID 11514 (started by soumenmondal in /home/soumenmondal/Downloads/nd035-c4-Security-and-DevOps-master/starter_code)
2022-03-11T00:42:11.959+0530 INFO No active profile set, falling back to default profiles: default
2022-03-11T00:42:15.229+0530 INFO Started SareetaApplicationTests in 3.442 seconds (JVM running for 4.805)
2022-03-11T00:42:15.428+0530 INFO [Success] (trying removing from cart sucessul ) for user : root
2022-03-11T00:42:15.445+0530 INFO [Success] for user {adding to cart Success } : root
2022-03-11T00:42:15.448+0530 ERROR  [Fail] (trying removing from cart) for user : test, error log : User not found
2022-03-11T00:42:15.448+0530 ERROR [Fail] (trying addToCart) for user : test, error log : User not found
2022-03-11T00:42:15.492+0530 ERROR [Fail] (order submit fail)  username: invalid username, log msg : User not found
2022-03-11T00:42:15.495+0530 INFO [Success] (order history Success) for user : root, log msg  : User found
2022-03-11T00:42:15.497+0530 INFO   [Success] (order submit Success)  username : root, log msg  : User found
2022-03-11T00:42:15.518+0530 INFO [Success] Created user sucess 
2022-03-11T00:46:21.680+0530 INFO [Success] (trying removing from cart sucessul ) for user : root
2022-03-11T00:46:21.694+0530 INFO [Success] for user {adding to cart Success } : root
2022-03-11T00:46:21.696+0530 ERROR  [Fail] (trying removing from cart) for user : test, error log : User not found
2022-03-11T00:46:21.697+0530 ERROR [Fail] (trying addToCart) for user : test, error log : User not found
2022-03-11T00:46:21.748+0530 ERROR [Fail] (order submit fail)  username: invalid username, log msg : User not found
2022-03-11T00:46:21.750+0530 INFO [Success] (order history Success) for user : root, log msg  : User found
2022-03-11T00:46:21.753+0530 INFO   [Success] (order submit Success)  username : root, log msg  : User found
2022-03-11T00:46:21.779+0530 INFO [Success] Created user sucess 
2022-03-11T00:48:16.904+0530 INFO Starting SareetaApplicationTests on PPH-LAP-01270 with PID 12156 (started by soumenmondal in /home/soumenmondal/Downloads/nd035-c4-Security-and-DevOps-master/starter_code)
2022-03-11T00:48:16.905+0530 INFO No active profile set, falling back to default profiles: default
2022-03-11T00:48:20.486+0530 INFO Started SareetaApplicationTests in 3.718 seconds (JVM running for 4.64)
2022-03-11T00:52:59.008+0530 INFO Starting SareetaApplicationTests on PPH-LAP-01270 with PID 12510 (started by soumenmondal in /home/soumenmondal/Downloads/nd035-c4-Security-and-DevOps-master/starter_code)
2022-03-11T00:52:59.009+0530 INFO No active profile set, falling back to default profiles: default
2022-03-11T00:53:02.802+0530 INFO Started SareetaApplicationTests in 3.942 seconds (JVM running for 5.159)
2022-03-11T00:53:03.065+0530 INFO [Success] (trying removing from cart sucessul ) for user : root
2022-03-11T00:53:03.077+0530 INFO [Success] for user {adding to cart Success } : root
2022-03-11T00:53:03.080+0530 ERROR  [Fail] (trying removing from cart) for user : test, error log : User not found
2022-03-11T00:53:03.080+0530 ERROR [Fail] (trying addToCart) for user : test, error log : User not found
2022-03-11T00:53:03.116+0530 ERROR [Fail] (order submit fail)  username: invalid username, log msg : User not found
2022-03-11T00:53:03.119+0530 INFO [Success] (order history Success) for user : root, log msg  : User found
2022-03-11T00:53:03.121+0530 INFO   [Success] (order submit Success)  username : root, log msg  : User found
2022-03-11T00:53:03.145+0530 INFO [Success] Created user sucess 
2022-03-11T00:53:25.574+0530 INFO Starting SareetaApplicationTests on PPH-LAP-01270 with PID 12673 (started by soumenmondal in /home/soumenmondal/Downloads/nd035-c4-Security-and-DevOps-master/starter_code)
2022-03-11T00:53:25.576+0530 INFO No active profile set, falling back to default profiles: default
2022-03-11T00:53:29.043+0530 INFO Started SareetaApplicationTests in 3.6 seconds (JVM running for 4.545)
2022-03-11T00:53:56.308+0530 INFO Starting SareetaApplicationTests on PPH-LAP-01270 with PID 12827 (started by soumenmondal in /home/soumenmondal/Downloads/nd035-c4-Security-and-DevOps-master/starter_code)
2022-03-11T00:53:56.310+0530 INFO No active profile set, falling back to default profiles: default
2022-03-11T00:54:01.448+0530 INFO Started SareetaApplicationTests in 5.375 seconds (JVM running for 6.796)
2022-03-11T01:03:52.811+0530 INFO Starting SareetaApplicationTests on PPH-LAP-01270 with PID 13613 (started by soumenmondal in /home/soumenmondal/Downloads/nd035-c4-Security-and-DevOps-master/starter_code)
2022-03-11T01:03:52.812+0530 INFO No active profile set, falling back to default profiles: default
2022-03-11T01:03:55.960+0530 INFO Started SareetaApplicationTests in 3.259 seconds (JVM running for 4.169)
2022-03-11T01:04:10.501+0530 INFO Starting SareetaApplicationTests on PPH-LAP-01270 with PID 13769 (started by soumenmondal in /home/soumenmondal/Downloads/nd035-c4-Security-and-DevOps-master/starter_code)
2022-03-11T01:04:10.503+0530 INFO No active profile set, falling back to default profiles: default
2022-03-11T01:04:15.274+0530 INFO Started SareetaApplicationTests in 4.922 seconds (JVM running for 5.93)
2022-03-11T01:05:05.134+0530 INFO Starting SareetaApplicationTests on PPH-LAP-01270 with PID 14035 (started by soumenmondal in /home/soumenmondal/Downloads/nd035-c4-Security-and-DevOps-master/starter_code)
2022-03-11T01:05:05.135+0530 INFO No active profile set, falling back to default profiles: default
2022-03-11T01:05:09.639+0530 INFO Started SareetaApplicationTests in 4.716 seconds (JVM running for 6.08)
2022-03-11T01:05:23.791+0530 INFO Starting SareetaApplicationTests on PPH-LAP-01270 with PID 14178 (started by soumenmondal in /home/soumenmondal/Downloads/nd035-c4-Security-and-DevOps-master/starter_code)
2022-03-11T01:05:23.792+0530 INFO No active profile set, falling back to default profiles: default
2022-03-11T01:05:28.590+0530 INFO Started SareetaApplicationTests in 4.995 seconds (JVM running for 6.432)
2022-03-11T01:14:32.466+0530 INFO Starting SareetaApplicationTests on PPH-LAP-01270 with PID 15367 (started by soumenmondal in /home/soumenmondal/Downloads/nd035-c4-Security-and-DevOps-master/starter_code)
2022-03-11T01:14:32.467+0530 INFO No active profile set, falling back to default profiles: default
2022-03-11T01:14:35.740+0530 INFO Started SareetaApplicationTests in 3.395 seconds (JVM running for 4.521)
2022-03-11T01:14:36.042+0530 INFO [Success] (trying removing from cart sucessul ) for user : root
2022-03-11T01:14:36.051+0530 INFO [Success] for user {adding to cart Success } : root
2022-03-11T01:14:36.054+0530 ERROR  [Fail] (trying removing from cart) for user : test, error log : User not found
2022-03-11T01:14:36.054+0530 ERROR [Fail] (trying addToCart) for user : test, error log : User not found
2022-03-11T01:14:36.096+0530 ERROR [Fail] (order submit fail)  username: invalid username, log msg : User not found
2022-03-11T01:14:36.098+0530 INFO [Success] (order history Success) for user : root, log msg  : User found
2022-03-11T01:14:36.100+0530 INFO   [Success] (order submit Success)  username : root, log msg  : User found
2022-03-11T01:14:36.120+0530 INFO [Success] Created user sucess 
